<?xml version="1.0" encoding="UTF-8"?>
<!-- Generated by org.testng.reporters.JUnitXMLReporter -->
<testsuite ignored="0" hostname="Rinaldo" failures="1" tests="10" name="dailyBuildTest" time="40.818" errors="0" timestamp="2024-07-27T22:04:46 IST">
  <testcase classname="com.qa.testcases.RegisterTest" name="registerNewUserWithNewsLetter" time="2.887"/>
  <testcase classname="com.qa.testcases.RegisterTest" name="registerNewUser" time="2.22">
    <failure type="java.lang.AssertionError" message="expected [true] but found [false]">
      <![CDATA[java.lang.AssertionError: expected [true] but found [false]
at com.qa.testcases.RegisterTest.registerNewUser(RegisterTest.java:29)
at java.base/java.util.ArrayList.forEach(ArrayList.java:1511)
... Removed 34 stack frames]]>
    </failure>
  </testcase> <!-- registerNewUser -->
  <testcase classname="com.qa.testcases.SearchProducts" name="searchExistingProduct" time="0.495"/>
  <testcase classname="com.qa.testcases.LoginTest" name="ValidateForgotPasswordLink" time="0.555"/>
  <testcase classname="com.qa.testcases.LoginTest" name="LoginWithValidCredentials" time="0.0">
    <skipped/>
  </testcase> <!-- LoginWithValidCredentials -->
  <testcase classname="com.qa.testcases.SearchProducts" name="searchNonExistentProduct" time="0.0">
    <skipped/>
  </testcase> <!-- searchNonExistentProduct -->
  <testcase classname="com.qa.testcases.RegisterTest" name="registerNewUserWithNoInfo" time="0.0">
    <skipped/>
  </testcase> <!-- registerNewUserWithNoInfo -->
  <testcase classname="com.qa.testcases.RegisterTest" name="verifyRegisterPageDetails" time="0.0">
    <skipped/>
  </testcase> <!-- verifyRegisterPageDetails -->
  <testcase classname="com.qa.testcases.LoginTest" name="LoginWithInvalidCredentials" time="0.001">
    <skipped/>
  </testcase> <!-- LoginWithInvalidCredentials -->
  <testcase classname="com.qa.testcases.SearchProducts" name="searchWithoutProductName" time="10.577"/>
</testsuite> <!-- dailyBuildTest -->
