<html>
<head>
<title>TestNG:  GroupDependencyTest</title>
<link href="../testng.css" rel="stylesheet" type="text/css" />
<link href="../my-testng.css" rel="stylesheet" type="text/css" />

<style type="text/css">
.log { display: none;} 
.stack-trace { display: none;} 
</style>
<script type="text/javascript">
<!--
function flip(e) {
  current = e.style.display;
  if (current == 'block') {
    e.style.display = 'none';
    return 0;
  }
  else {
    e.style.display = 'block';
    return 1;
  }
}

function toggleBox(szDivId, elem, msg1, msg2)
{
  var res = -1;  if (document.getElementById) {
    res = flip(document.getElementById(szDivId));
  }
  else if (document.all) {
    // this is the way old msie versions work
    res = flip(document.all[szDivId]);
  }
  if(elem) {
    if(res == 0) elem.innerHTML = msg1; else elem.innerHTML = msg2;
  }

}

function toggleAllBoxes() {
  if (document.getElementsByTagName) {
    d = document.getElementsByTagName('div');
    for (i = 0; i < d.length; i++) {
      if (d[i].className == 'log') {
        flip(d[i]);
      }
    }
  }
}

// -->
</script>

</head>
<body>
<h2 align='center'>GroupDependencyTest</h2><table border='1' align="center">
<tr>
<td>Tests passed/Failed/Skipped:</td><td>14/2/0</td>
</tr><tr>
<td>Started on:</td><td>Mon Aug 05 16:26:40 IST 2024</td>
</tr>
<tr><td>Total time:</td><td>36 seconds (36202 ms)</td>
</tr><tr>
<td>Included groups:</td><td></td>
</tr><tr>
<td>Excluded groups:</td><td></td>
</tr>
</table><p/>
<small><i>(Hover the method name to see the test class name)</i></small><p/>
<table width='100%' border='1' class='invocation-failed'>
<tr><td colspan='4' align='center'><b>FAILED TESTS</b></td></tr>
<tr><td><b>Test method</b></td>
<td><b>Attribute(s)</b></td>
<td width="30%"><b>Exception</b></td>
<td width="10%"><b>Time (seconds)</b></td>
<td><b>Instance</b></td>
</tr>
<tr>
<td title='com.qa.testcases.SearchProductTestCase.searchWithoutProductName()'><b>searchWithoutProductName</b><br>Test class: com.qa.testcases.SearchProductTestCase</td>
<td><div><pre>java.lang.IndexOutOfBoundsException: Index 0 out of bounds for length 0
	at java.base/jdk.internal.util.Preconditions.outOfBounds(Preconditions.java:64)
	at java.base/jdk.internal.util.Preconditions.outOfBoundsCheckIndex(Preconditions.java:70)
	at java.base/jdk.internal.util.Preconditions.checkIndex(Preconditions.java:266)
	at java.base/java.util.Objects.checkIndex(Objects.java:361)
	at java.base/java.util.ArrayList.get(ArrayList.java:427)
	at org.openqa.selenium.support.pagefactory.internal.LocatingElementListHandler.invoke(LocatingElementListHandler.java:39)
	at jdk.proxy2/jdk.proxy2.$Proxy15.get(Unknown Source)
	at com.qa.pages.HomePage.EnterProductName(HomePage.java:90)
	at com.qa.pages.HomePage.SearchProduct(HomePage.java:104)
	at com.qa.pages.HomePage.checkIfProductExists(HomePage.java:130)
	at com.qa.testcases.SearchProductTestCase.searchWithoutProductName(SearchProductTestCase.java:28)
	at java.base/java.util.concurrent.ThreadPoolExecutor.runWorker(ThreadPoolExecutor.java:1136)
	at java.base/java.util.concurrent.ThreadPoolExecutor$Worker.run(ThreadPoolExecutor.java:635)
	at java.base/java.lang.Thread.run(Thread.java:833)
... Removed 16 stack frames</pre></div><a href='#' onClick='toggleBox("stack-trace196298317", this, "Click to show all stack frames", "Click to hide stack frames")'>Click to show all stack frames</a>
<div class='stack-trace' id='stack-trace196298317'><pre>java.lang.IndexOutOfBoundsException: Index 0 out of bounds for length 0
	at java.base/jdk.internal.util.Preconditions.outOfBounds(Preconditions.java:64)
	at java.base/jdk.internal.util.Preconditions.outOfBoundsCheckIndex(Preconditions.java:70)
	at java.base/jdk.internal.util.Preconditions.checkIndex(Preconditions.java:266)
	at java.base/java.util.Objects.checkIndex(Objects.java:361)
	at java.base/java.util.ArrayList.get(ArrayList.java:427)
	at java.base/jdk.internal.reflect.NativeMethodAccessorImpl.invoke0(Native Method)
	at java.base/jdk.internal.reflect.NativeMethodAccessorImpl.invoke(NativeMethodAccessorImpl.java:77)
	at java.base/jdk.internal.reflect.DelegatingMethodAccessorImpl.invoke(DelegatingMethodAccessorImpl.java:43)
	at java.base/java.lang.reflect.Method.invoke(Method.java:568)
	at org.openqa.selenium.support.pagefactory.internal.LocatingElementListHandler.invoke(LocatingElementListHandler.java:39)
	at jdk.proxy2/jdk.proxy2.$Proxy15.get(Unknown Source)
	at com.qa.pages.HomePage.EnterProductName(HomePage.java:90)
	at com.qa.pages.HomePage.SearchProduct(HomePage.java:104)
	at com.qa.pages.HomePage.checkIfProductExists(HomePage.java:130)
	at com.qa.testcases.SearchProductTestCase.searchWithoutProductName(SearchProductTestCase.java:28)
	at java.base/jdk.internal.reflect.NativeMethodAccessorImpl.invoke0(Native Method)
	at java.base/jdk.internal.reflect.NativeMethodAccessorImpl.invoke(NativeMethodAccessorImpl.java:77)
	at java.base/jdk.internal.reflect.DelegatingMethodAccessorImpl.invoke(DelegatingMethodAccessorImpl.java:43)
	at java.base/java.lang.reflect.Method.invoke(Method.java:568)
	at org.testng.internal.invokers.MethodInvocationHelper.invokeMethod(MethodInvocationHelper.java:139)
	at org.testng.internal.invokers.TestInvoker.invokeMethod(TestInvoker.java:664)
	at org.testng.internal.invokers.TestInvoker.invokeTestMethod(TestInvoker.java:227)
	at org.testng.internal.invokers.MethodRunner.runInSequence(MethodRunner.java:50)
	at org.testng.internal.invokers.TestInvoker$MethodInvocationAgent.invoke(TestInvoker.java:957)
	at org.testng.internal.invokers.TestInvoker.invokeTestMethods(TestInvoker.java:200)
	at org.testng.internal.invokers.TestMethodWorker.invokeTestMethods(TestMethodWorker.java:148)
	at org.testng.internal.invokers.TestMethodWorker.run(TestMethodWorker.java:128)
	at java.base/java.util.concurrent.ThreadPoolExecutor.runWorker(ThreadPoolExecutor.java:1136)
	at java.base/java.util.concurrent.ThreadPoolExecutor$Worker.run(ThreadPoolExecutor.java:635)
	at java.base/java.lang.Thread.run(Thread.java:833)
</pre></div></td>
<td>11</td>
<td>com.qa.testcases.SearchProductTestCase@20140db9</td></tr>
<tr>
<td title='com.qa.testcases.SearchProductTestCase.searchNonExistentProduct()'><b>searchNonExistentProduct</b><br>Test class: com.qa.testcases.SearchProductTestCase</td>
<td><div><pre>java.lang.IndexOutOfBoundsException: Index 0 out of bounds for length 0
	at java.base/jdk.internal.util.Preconditions.outOfBounds(Preconditions.java:64)
	at java.base/jdk.internal.util.Preconditions.outOfBoundsCheckIndex(Preconditions.java:70)
	at java.base/jdk.internal.util.Preconditions.checkIndex(Preconditions.java:266)
	at java.base/java.util.Objects.checkIndex(Objects.java:361)
	at java.base/java.util.ArrayList.get(ArrayList.java:427)
	at org.openqa.selenium.support.pagefactory.internal.LocatingElementListHandler.invoke(LocatingElementListHandler.java:39)
	at jdk.proxy2/jdk.proxy2.$Proxy15.get(Unknown Source)
	at com.qa.pages.HomePage.EnterProductName(HomePage.java:90)
	at com.qa.pages.HomePage.SearchProduct(HomePage.java:104)
	at com.qa.pages.HomePage.checkIfProductExists(HomePage.java:130)
	at com.qa.testcases.SearchProductTestCase.searchNonExistentProduct(SearchProductTestCase.java:21)
	at java.base/java.util.concurrent.ThreadPoolExecutor.runWorker(ThreadPoolExecutor.java:1136)
	at java.base/java.util.concurrent.ThreadPoolExecutor$Worker.run(ThreadPoolExecutor.java:635)
	at java.base/java.lang.Thread.run(Thread.java:833)
... Removed 16 stack frames</pre></div><a href='#' onClick='toggleBox("stack-trace630730374", this, "Click to show all stack frames", "Click to hide stack frames")'>Click to show all stack frames</a>
<div class='stack-trace' id='stack-trace630730374'><pre>java.lang.IndexOutOfBoundsException: Index 0 out of bounds for length 0
	at java.base/jdk.internal.util.Preconditions.outOfBounds(Preconditions.java:64)
	at java.base/jdk.internal.util.Preconditions.outOfBoundsCheckIndex(Preconditions.java:70)
	at java.base/jdk.internal.util.Preconditions.checkIndex(Preconditions.java:266)
	at java.base/java.util.Objects.checkIndex(Objects.java:361)
	at java.base/java.util.ArrayList.get(ArrayList.java:427)
	at java.base/jdk.internal.reflect.NativeMethodAccessorImpl.invoke0(Native Method)
	at java.base/jdk.internal.reflect.NativeMethodAccessorImpl.invoke(NativeMethodAccessorImpl.java:77)
	at java.base/jdk.internal.reflect.DelegatingMethodAccessorImpl.invoke(DelegatingMethodAccessorImpl.java:43)
	at java.base/java.lang.reflect.Method.invoke(Method.java:568)
	at org.openqa.selenium.support.pagefactory.internal.LocatingElementListHandler.invoke(LocatingElementListHandler.java:39)
	at jdk.proxy2/jdk.proxy2.$Proxy15.get(Unknown Source)
	at com.qa.pages.HomePage.EnterProductName(HomePage.java:90)
	at com.qa.pages.HomePage.SearchProduct(HomePage.java:104)
	at com.qa.pages.HomePage.checkIfProductExists(HomePage.java:130)
	at com.qa.testcases.SearchProductTestCase.searchNonExistentProduct(SearchProductTestCase.java:21)
	at java.base/jdk.internal.reflect.NativeMethodAccessorImpl.invoke0(Native Method)
	at java.base/jdk.internal.reflect.NativeMethodAccessorImpl.invoke(NativeMethodAccessorImpl.java:77)
	at java.base/jdk.internal.reflect.DelegatingMethodAccessorImpl.invoke(DelegatingMethodAccessorImpl.java:43)
	at java.base/java.lang.reflect.Method.invoke(Method.java:568)
	at org.testng.internal.invokers.MethodInvocationHelper.invokeMethod(MethodInvocationHelper.java:139)
	at org.testng.internal.invokers.TestInvoker.invokeMethod(TestInvoker.java:664)
	at org.testng.internal.invokers.TestInvoker.invokeTestMethod(TestInvoker.java:227)
	at org.testng.internal.invokers.MethodRunner.runInSequence(MethodRunner.java:50)
	at org.testng.internal.invokers.TestInvoker$MethodInvocationAgent.invoke(TestInvoker.java:957)
	at org.testng.internal.invokers.TestInvoker.invokeTestMethods(TestInvoker.java:200)
	at org.testng.internal.invokers.TestMethodWorker.invokeTestMethods(TestMethodWorker.java:148)
	at org.testng.internal.invokers.TestMethodWorker.run(TestMethodWorker.java:128)
	at java.base/java.util.concurrent.ThreadPoolExecutor.runWorker(ThreadPoolExecutor.java:1136)
	at java.base/java.util.concurrent.ThreadPoolExecutor$Worker.run(ThreadPoolExecutor.java:635)
	at java.base/java.lang.Thread.run(Thread.java:833)
</pre></div></td>
<td>10</td>
<td>com.qa.testcases.SearchProductTestCase@20140db9</td></tr>
</table><p>
<table width='100%' border='1' class='invocation-passed'>
<tr><td colspan='4' align='center'><b>PASSED TESTS</b></td></tr>
<tr><td><b>Test method</b></td>
<td><b>Attribute(s)</b></td>
<td width="30%"><b>Exception</b></td>
<td width="10%"><b>Time (seconds)</b></td>
<td><b>Instance</b></td>
</tr>
<tr>
<td title='com.qa.testcases.LoginTestCase.LoginWithInvalidCredentials()'><b>LoginWithInvalidCredentials</b><br>Test class: com.qa.testcases.LoginTestCase<br>Parameters: test@gmail.com, Test@12345</td>
<td></td>
<td>1</td>
<td>com.qa.testcases.LoginTestCase@793f29ff</td></tr>
<tr>
<td title='com.qa.testcases.SearchProductTestCase.searchExistingProduct()'><b>searchExistingProduct</b><br>Test class: com.qa.testcases.SearchProductTestCase</td>
<td></td>
<td>1</td>
<td>com.qa.testcases.SearchProductTestCase@20140db9</td></tr>
<tr>
<td title='com.qa.testcases.RegisterTestCase.registerNewUserWithNewsLetter()'><b>registerNewUserWithNewsLetter</b><br>Test class: com.qa.testcases.RegisterTestCase</td>
<td></td>
<td>3</td>
<td>com.qa.testcases.RegisterTestCase@5d0bf09b</td></tr>
<tr>
<td title='com.qa.testcases.LoginTestCase.LoginWithValidCredentials()'><b>LoginWithValidCredentials</b><br>Test class: com.qa.testcases.LoginTestCase<br>Parameters: test12345@gmail.com, Test@12345</td>
<td></td>
<td>4</td>
<td>com.qa.testcases.LoginTestCase@793f29ff</td></tr>
<tr>
<td title='com.qa.testcases.LoginTestCase.LoginWithValidCredsAndParrallelAttribute()'><b>LoginWithValidCredsAndParrallelAttribute</b><br>Test class: com.qa.testcases.LoginTestCase<br>Parameters: test12345@gmail.com, Test@12345</td>
<td></td>
<td>3</td>
<td>com.qa.testcases.LoginTestCase@793f29ff</td></tr>
<tr>
<td title='com.qa.testcases.RegisterTestCase.registerNewUser()'><b>registerNewUser</b><br>Test class: com.qa.testcases.RegisterTestCase</td>
<td></td>
<td>2</td>
<td>com.qa.testcases.RegisterTestCase@5d0bf09b</td></tr>
<tr>
<td title='com.qa.testcases.LoginTestCase.LoginWithValidCredsAndParrallelAttribute()'><b>LoginWithValidCredsAndParrallelAttribute</b><br>Test class: com.qa.testcases.LoginTestCase<br>Parameters: test12345@gmail.com, Test@12345</td>
<td></td>
<td>2</td>
<td>com.qa.testcases.LoginTestCase@793f29ff</td></tr>
<tr>
<td title='com.qa.testcases.LoginTestCase.LoginWithInvalidCredentials()'><b>LoginWithInvalidCredentials</b><br>Test class: com.qa.testcases.LoginTestCase<br>Parameters: test@gmail.com, Test@12345</td>
<td></td>
<td>1</td>
<td>com.qa.testcases.LoginTestCase@793f29ff</td></tr>
<tr>
<td title='com.qa.testcases.RegisterTestCase.registerNewUserWithNoInfo()'><b>registerNewUserWithNoInfo</b><br>Test class: com.qa.testcases.RegisterTestCase</td>
<td></td>
<td>1</td>
<td>com.qa.testcases.RegisterTestCase@5d0bf09b</td></tr>
<tr>
<td title='com.qa.testcases.LoginTestCase.LoginWithValidCredsAndParrallelAttribute()'><b>LoginWithValidCredsAndParrallelAttribute</b><br>Test class: com.qa.testcases.LoginTestCase<br>Parameters: test12345@gmail.com, Test@12345</td>
<td></td>
<td>2</td>
<td>com.qa.testcases.LoginTestCase@793f29ff</td></tr>
<tr>
<td title='com.qa.testcases.LoginTestCase.ValidateForgotPasswordLink()'><b>ValidateForgotPasswordLink</b><br>Test class: com.qa.testcases.LoginTestCase</td>
<td></td>
<td>1</td>
<td>com.qa.testcases.LoginTestCase@793f29ff</td></tr>
<tr>
<td title='com.qa.testcases.RegisterTestCase.verifyRegisterPageDetails()'><b>verifyRegisterPageDetails</b><br>Test class: com.qa.testcases.RegisterTestCase</td>
<td></td>
<td>0</td>
<td>com.qa.testcases.RegisterTestCase@5d0bf09b</td></tr>
<tr>
<td title='com.qa.testcases.LoginTestCase.LoginWithValidCredentials()'><b>LoginWithValidCredentials</b><br>Test class: com.qa.testcases.LoginTestCase<br>Parameters: test12345@gmail.com, Test@12345</td>
<td></td>
<td>1</td>
<td>com.qa.testcases.LoginTestCase@793f29ff</td></tr>
<tr>
<td title='com.qa.testcases.LoginTestCase.LoginWithValidCredsAndParrallelAttribute()'><b>LoginWithValidCredsAndParrallelAttribute</b><br>Test class: com.qa.testcases.LoginTestCase<br>Parameters: test12345@gmail.com, Test@12345</td>
<td></td>
<td>3</td>
<td>com.qa.testcases.LoginTestCase@793f29ff</td></tr>
</table><p>
</body>
</html>